loadcore_IMPORTS_start
I_RegisterLibraryEntries
I_QueryBootMode
loadcore_IMPORTS_end

thbase_IMPORTS_start
I_DelayThread
I_SetAlarm
I_CancelAlarm
I_USec2SysClock
thbase_IMPORTS_end

thevent_IMPORTS_start
I_CreateEventFlag
I_iSetEventFlag
I_ClearEventFlag
I_WaitEventFlag
thevent_IMPORTS_end

stdio_IMPORTS_start
I_printf
stdio_IMPORTS_end

sysclib_IMPORTS_start
I_memcpy
I_memset
I_strcmp
I_strrchr
sysclib_IMPORTS_end

#ifdef ATA_USE_DEV9
dev9_IMPORTS_start
I_SpdRegisterIntrHandler
I_SpdDmaTransfer
I_SpdIntrEnable
I_SpdIntrDisable
I_SpdSetLED
I_Dev9RegisterPowerOffHandler
I_dev9RegisterPreDmaCb
I_dev9RegisterPostDmaCb
dev9_IMPORTS_end
#endif

#ifdef ATA_USE_AIFDEV9
aifdev9_IMPORTS_start
I_aifIsDetected
I_aifRegisterIntrCb
I_aifIntrEnable
I_aifIntrDisable
I_aifRegisterShutdownCb
aifdev9_IMPORTS_end
#endif

#ifdef ATA_ENABLE_BDM
bdm_IMPORTS_start
I_bdm_connect_bd
I_bdm_disconnect_bd
bdm_IMPORTS_end
#endif

// Pure DEV9 Imports
dmacman_IMPORTS_start
I_dmac_get_dpcr2
I_dmac_set_dpcr2
dmacman_IMPORTS_end

intrman_IMPORTS_start
I_RegisterIntrHandler
I_EnableIntr
I_DisableIntr
I_CpuSuspendIntr
I_CpuResumeIntr
intrman_IMPORTS_end

ioman_IMPORTS_start
I_AddDrv
I_DelDrv
ioman_IMPORTS_end

thsemap_IMPORTS_start
I_CreateSema
I_SignalSema
I_WaitSema
thsemap_IMPORTS_end